[2025-07-05 22:25:53] | user=unknown | action=test | section=test_section | details=test_details
[2025-07-05 23:16:34] | user=admin | action=login | section=auth | details=username=admin
[2025-07-06 02:57:04] | user=admin | action=set_active | section=portfolio | details=id=datasci
[2025-07-06 02:59:12] | user=admin | action=duplicate | section=portfolio | details=id=socanalyst, new_name=sss
[2025-07-06 02:59:29] | user=admin | action=delete | section=portfolio | details=id=8a2641b6
[2025-07-06 03:10:56] | user=admin | action=set_active | section=portfolio | details=id=main
[2025-07-06 03:20:00] | user=admin | action=set_active | section=portfolio | details=id=socanalyst
[2025-07-06 09:52:17] | user=admin | action=login | section=auth | details=username=admin
[2025-07-06 09:54:06] | user=admin | action=update | section=system_settings | details=default_portfolio=socanalyst, allow_public_access=False, maintenance_mode=True, default_theme=Default Dark
[2025-07-06 09:54:23] | user=admin | action=update | section=system_settings | details=default_portfolio=socanalyst, allow_public_access=False, maintenance_mode=True, default_theme=Default Dark
[2025-07-06 09:54:38] | user=admin | action=update | section=system_settings | details=default_portfolio=socanalyst, allow_public_access=False, maintenance_mode=True, default_theme=Default Light
[2025-07-06 09:54:52] | user=admin | action=update | section=system_settings | details=default_portfolio=socanalyst, allow_public_access=False, maintenance_mode=True, default_theme=Default Light
[2025-07-06 09:55:04] | user=admin | action=update | section=system_settings | details=default_portfolio=socanalyst, allow_public_access=False, maintenance_mode=True, default_theme=Default Dark
[2025-07-06 09:55:14] | user=admin | action=update | section=system_settings | details=default_portfolio=main, allow_public_access=True, maintenance_mode=True, default_theme=Default Dark
[2025-07-06 09:55:19] | user=admin | action=update | section=system_settings | details=default_portfolio=main, allow_public_access=False, maintenance_mode=True, default_theme=Default Dark
[2025-07-06 10:13:30] | user=admin | action=update | section=hero_section | details=title=Hi, I'm Shankar Managini Mote
[2025-07-06 10:17:51] | user=admin | action=change_username | section=auth | details=new_username=Shankar
[2025-07-06 10:18:18] | user=admin | action=change_password | section=auth | details=username=Shankar
[2025-07-06 10:20:31] | user=admin | action=update | section=system_settings | details=default_portfolio=main, allow_public_access=False, maintenance_mode=True, default_theme=Default Dark
[2025-07-06 10:24:28] | user=admin | action=update | section=system_settings | details=default_portfolio=socanalyst, allow_public_access=False, maintenance_mode=True, default_theme=Default Dark
[2025-07-06 10:26:19] | user=admin | action=update | section=system_settings | details=default_portfolio=socanalyst, allow_public_access=False, maintenance_mode=True, default_theme=Default Dark
[2025-07-06 10:26:26] | user=admin | action=update | section=system_settings | details=default_portfolio=socanalyst, allow_public_access=False, maintenance_mode=True, default_theme=Default Dark
[2025-07-06 10:42:30] | user=admin | action=update | section=system_settings | details=default_portfolio=socanalyst, allow_public_access=False, maintenance_mode=True, default_theme=Default Dark
[2025-07-06 10:45:41] | user=admin | action=logout | section=auth | details=username=admin
[2025-07-06 10:46:02] | user=Shankar | action=login | section=auth | details=username=Shankar
[2025-07-06 10:46:30] | user=Shankar | action=update | section=system_settings | details=default_portfolio=socanalyst, allow_public_access=False, maintenance_mode=True, default_theme=Default Dark
[2025-07-06 10:46:49] | user=Shankar | action=update | section=system_settings | details=default_portfolio=socanalyst, allow_public_access=False, maintenance_mode=True, default_theme=Default Light
[2025-07-06 10:47:15] | user=Shankar | action=update | section=system_settings | details=default_portfolio=socanalyst, allow_public_access=False, maintenance_mode=True, default_theme=Default Dark
[2025-07-06 10:47:39] | user=Shankar | action=update | section=system_settings | details=default_portfolio=datasci, allow_public_access=True, maintenance_mode=True, default_theme=Default Dark
[2025-07-06 10:47:52] | user=Shankar | action=update | section=system_settings | details=default_portfolio=uiux, allow_public_access=True, maintenance_mode=True, default_theme=Default Dark
[2025-07-06 10:52:55] | user=Shankar | action=update | section=system_settings | details=default_portfolio=uiux, allow_public_access=True, maintenance_mode=True, default_theme=Default Dark
[2025-07-06 10:52:58] | user=Shankar | action=update | section=system_settings | details=default_portfolio=uiux, allow_public_access=False, maintenance_mode=True, default_theme=Default Dark
[2025-07-06 10:59:14] | user=Shankar | action=update | section=system_settings | details=default_portfolio=uiux, allow_public_access=False, maintenance_mode=True, default_theme=Default Dark
[2025-07-06 10:59:21] | user=Shankar | action=update | section=system_settings | details=default_portfolio=uiux, allow_public_access=False, maintenance_mode=False, default_theme=Default Dark
[2025-07-06 10:59:29] | user=Shankar | action=update | section=system_settings | details=default_portfolio=uiux, allow_public_access=True, maintenance_mode=False, default_theme=Default Dark
[2025-07-06 11:00:26] | user=Shankar | action=update | section=system_settings | details=default_portfolio=uiux, allow_public_access=False, maintenance_mode=True, default_theme=Default Dark
[2025-07-06 11:01:20] | user=Shankar | action=update | section=system_settings | details=default_portfolio=uiux, allow_public_access=True, maintenance_mode=True, default_theme=Default Dark
[2025-07-06 11:01:51] | user=Shankar | action=update | section=system_settings | details=default_portfolio=uiux, allow_public_access=False, maintenance_mode=True, default_theme=Default Dark
[2025-07-06 11:03:26] | user=Shankar | action=update | section=system_settings | details=default_portfolio=uiux, allow_public_access=False, maintenance_mode=True, default_theme=Default Dark
[2025-07-06 11:03:36] | user=Shankar | action=update | section=system_settings | details=default_portfolio=uiux, allow_public_access=False, maintenance_mode=True, default_theme=Default Dark
[2025-07-06 11:09:06] | user=Shankar | action=update | section=system_settings | details=default_portfolio=uiux, allow_public_access=False, maintenance_mode=True, default_theme=Default Dark
[2025-07-06 11:10:42] | user=Shankar | action=update | section=system_settings | details=default_portfolio=uiux, allow_public_access=False, maintenance_mode=True, default_theme=Default Dark
[2025-07-06 18:17:09] | user=Shankar | action=login | section=auth | details=username=Shankar
[2025-07-06 18:17:38] | user=Shankar | action=update | section=system_settings | details=default_portfolio=uiux, allow_public_access=False, maintenance_mode=False, default_theme=Default Dark
[2025-07-06 18:25:22] | user=Shankar | action=update | section=system_settings | details=default_portfolio=uiux, allow_public_access=False, maintenance_mode=False, default_theme=Default Dark
[2025-07-06 18:45:53] | user=Shankar | action=update | section=system_settings | details=default_portfolio=uiux, allow_public_access=True, maintenance_mode=False, default_theme=Default Dark
[2025-07-06 18:46:13] | user=Shankar | action=update | section=system_settings | details=default_portfolio=uiux, allow_public_access=True, maintenance_mode=False, default_theme=Default Light
[2025-07-06 18:46:25] | user=Shankar | action=update | section=system_settings | details=default_portfolio=main, allow_public_access=True, maintenance_mode=False, default_theme=Default Light
[2025-07-06 18:49:22] | user=Shankar | action=update | section=system_settings | details=default_portfolio=main, allow_public_access=True, maintenance_mode=True, default_theme=Default Light
[2025-07-06 18:50:44] | user=Shankar | action=update | section=system_settings | details=default_portfolio=main, allow_public_access=True, maintenance_mode=False, default_theme=Default Light
[2025-07-06 18:51:53] | user=Shankar | action=update | section=system_settings | details=default_portfolio=main, allow_public_access=True, maintenance_mode=False, default_theme=Default Light
[2025-07-06 18:52:24] | user=Shankar | action=update | section=system_settings | details=default_portfolio=main, allow_public_access=True, maintenance_mode=False, default_theme=Default Light
[2025-07-06 18:52:33] | user=Shankar | action=update | section=system_settings | details=default_portfolio=socanalyst, allow_public_access=True, maintenance_mode=False, default_theme=Default Light
[2025-07-06 18:53:40] | user=Shankar | action=update | section=system_settings | details=default_portfolio=socanalyst, allow_public_access=True, maintenance_mode=False, default_theme=Default Light
[2025-07-06 18:55:06] | user=unknown | action=logout | section=auth | details=username=unknown
[2025-07-06 19:00:21] | user=Shankar | action=login | section=auth | details=username=Shankar
[2025-07-06 19:00:36] | user=Shankar | action=update | section=system_settings | details=default_portfolio=main, allow_public_access=False, maintenance_mode=False, default_theme=Default Light
[2025-07-06 19:00:52] | user=Shankar | action=update | section=system_settings | details=default_portfolio=main, allow_public_access=True, maintenance_mode=False, default_theme=Default Light
[2025-07-06 19:01:00] | user=Shankar | action=update | section=system_settings | details=default_portfolio=main, allow_public_access=True, maintenance_mode=False, default_theme=Default Light
[2025-07-06 19:01:53] | user=Shankar | action=update | section=system_settings | details=default_portfolio=main, allow_public_access=True, maintenance_mode=False, default_theme=Default Dark
[2025-07-06 19:02:02] | user=Shankar | action=update | section=system_settings | details=default_portfolio=main, allow_public_access=True, maintenance_mode=False, default_theme=Default Dark
[2025-07-06 19:04:21] | user=Shankar | action=update | section=system_settings | details=default_portfolio=main, allow_public_access=True, maintenance_mode=False, default_theme=Default Light
[2025-07-06 19:04:31] | user=Shankar | action=update | section=system_settings | details=default_portfolio=main, allow_public_access=True, maintenance_mode=False, default_theme=Default Light
[2025-07-06 19:09:01] | user=Shankar | action=update | section=system_settings | details=default_portfolio=main, allow_public_access=True, maintenance_mode=False, default_theme=Default Dark
[2025-07-06 19:22:33] | user=Shankar | action=update | section=system_settings | details=default_portfolio=main, allow_public_access=True, maintenance_mode=False, default_theme=Default Light
[2025-07-06 19:23:54] | user=Shankar | action=update | section=about | details=hero_title=Hiii, I'm Shankar Managini Mote
[2025-07-06 19:24:00] | user=Shankar | action=refresh_theme | section=settings | details=Theme refresh initiated from admin dashboard
[2025-07-06 19:24:09] | user=Shankar | action=update | section=system_settings | details=default_portfolio=main, allow_public_access=True, maintenance_mode=False, default_theme=Default Dark
[2025-07-06 19:24:15] | user=Shankar | action=refresh_theme | section=settings | details=Theme refresh initiated from admin dashboard
[2025-07-07 04:57:27] | user=Shankar | action=login | section=auth | details=username=Shankar
[2025-07-07 04:58:09] | user=Shankar | action=update | section=hero_section | details=title=Hi, I'm Shankar Managini Mote
[2025-07-07 05:26:45] | user=Shankar | action=refresh_theme | section=settings | details=Theme refresh initiated from admin dashboard
[2025-07-07 14:09:56] | user=Shankar | action=login | section=auth | details=username=Shankar
[2025-07-07 14:10:24] | user=Shankar | action=logout | section=auth | details=username=Shankar
[2025-07-07 14:10:44] | user=Shankar | action=login | section=auth | details=username=Shankar
[2025-07-07 14:22:51] | user=Shankar | action=update | section=about | details=hero_title=Hi, I'm Shankar Managini Mote
[2025-07-10 06:06:58] | user=Shankar | action=login | section=auth | details=username=Shankar
[2025-07-11 19:28:19] | user=unknown | action=failed_login | section=auth | details=username=Shankar
[2025-07-11 19:28:34] | user=unknown | action=failed_login | section=auth | details=username=admin
[2025-07-11 19:28:48] | user=Shankar | action=login | section=auth | details=username=Shankar
[2025-07-11 19:29:10] | user=Shankar | action=refresh_theme | section=settings | details=Theme refresh initiated from admin dashboard
[2025-07-11 19:29:16] | user=Shankar | action=refresh_theme | section=settings | details=Theme refresh initiated from admin dashboard
[2025-07-11 19:30:01] | user=Shankar | action=update | section=system_settings | details=default_portfolio=main, allow_public_access=True, maintenance_mode=True, default_theme=Default Dark
[2025-07-11 19:30:08] | user=Shankar | action=logout | section=auth | details=username=Shankar
[2025-07-11 22:23:06] | user=Shankar | action=login | section=auth | details=username=Shankar
[2025-07-12 16:00:20] | user=Shankar | action=login | section=auth | details=username=Shankar
[2025-07-12 16:06:53] | user=Shankar | action=update | section=system_settings | details=default_portfolio=main, allow_public_access=False, maintenance_mode=False, default_theme=Default Dark
[2025-07-12 16:10:00] | user=Shankar | action=refresh_theme | section=settings | details=Theme refresh initiated from admin dashboard
[2025-07-12 17:35:06] | user=Shankar | action=refresh_theme | section=settings | details=Theme refresh initiated from admin dashboard
[2025-07-12 17:37:37] | user=Shankar | action=update | section=system_settings | details=default_portfolio=main, allow_public_access=True, maintenance_mode=False, default_theme=Default Dark
[2025-07-12 17:38:31] | user=Shankar | action=login | section=auth | details=username=Shankar
[2025-07-13 11:03:17] | user=Shankar | action=login | section=auth | details=username=Shankar
[2025-07-13 14:46:23] | user=Shankar | action=refresh_theme | section=settings | details=Theme refresh initiated from admin dashboard
[2025-07-13 15:09:14] | user=Shankar | action=login | section=auth | details=username=Shankar
[2025-07-13 15:13:16] | user=Shankar | action=refresh_theme | section=settings | details=Theme refresh initiated from admin dashboard
[2025-07-13 15:13:18] | user=Shankar | action=refresh_theme | section=settings | details=Theme refresh initiated from admin dashboard
[2025-07-13 15:14:06] | user=Shankar | action=login | section=auth | details=username=Shankar
[2025-07-13 17:07:54] | user=Shankar | action=login | section=auth | details=username=Shankar
[2025-07-14 17:06:55] | user=Shankar | action=login | section=auth | details=username=Shankar
[2025-07-14 17:07:08] | user=Shankar | action=refresh_theme | section=settings | details=Theme refresh initiated from admin dashboard
[2025-07-14 17:17:18] | user=Shankar | action=logout | section=auth | details=username=Shankar
[2025-07-14 17:17:30] | user=unknown | action=failed_login | section=auth | details=username=Shankar
[2025-07-14 17:17:43] | user=Shankar | action=login | section=auth | details=username=Shankar
[2025-07-14 18:51:24] | user=unknown | action=contact_form | section=public | details=name=Shankar Mote, email=shankarmote.dev@gmail.com
[2025-07-15 17:27:55] | user=unknown | action=failed_login | section=auth | details=username=admin
[2025-07-15 17:28:06] | user=Shankar | action=login | section=auth | details=username=Shankar
[2025-07-16 00:24:13] | user=unknown | action=failed_login | section=auth | details=username=Shankar
[2025-07-16 00:24:30] | user=Shankar | action=login | section=auth | details=username=Shankar
[2025-07-16 00:24:31] | user=Shankar | action=login | section=auth | details=username=Shankar
[2025-07-16 00:24:31] | user=Shankar | action=login | section=auth | details=username=Shankar
[2025-07-16 00:24:31] | user=Shankar | action=login | section=auth | details=username=Shankar
[2025-07-16 00:24:31] | user=Shankar | action=login | section=auth | details=username=Shankar
[2025-07-16 00:24:31] | user=Shankar | action=login | section=auth | details=username=Shankar
[2025-07-16 00:24:31] | user=Shankar | action=login | section=auth | details=username=Shankar
[2025-07-16 00:24:31] | user=Shankar | action=login | section=auth | details=username=Shankar
[2025-07-16 00:24:31] | user=Shankar | action=login | section=auth | details=username=Shankar
[2025-07-16 00:24:58] | user=Shankar | action=update | section=system_settings | details=default_portfolio=main, allow_public_access=True, maintenance_mode=True, default_theme=Default Dark
[2025-07-16 00:25:46] | user=Shankar | action=logout | section=auth | details=username=Shankar
[2025-07-16 15:37:22] | user=Shankar | action=login | section=auth | details=username=Shankar
[2025-07-16 15:54:31] | user=Shankar | action=update | section=system_settings | details=default_portfolio=main, allow_public_access=True, maintenance_mode=False, default_theme=Default Dark
[2025-07-16 16:47:44] | user=Shankar | action=update | section=system_settings | details=default_portfolio=main, allow_public_access=True, maintenance_mode=True, default_theme=Default Dark
[2025-07-24 06:16:26] | user=unknown | action=failed_login | section=auth | details=username=admin
[2025-07-24 08:27:59] | user=unknown | action=failed_login | section=auth | details=username=Shankar
[2025-07-24 08:28:15] | user=unknown | action=failed_login | section=auth | details=username=admin
[2025-07-24 08:28:35] | user=unknown | action=failed_login | section=auth | details=username=Shankar
[2025-07-24 08:28:56] | user=unknown | action=failed_login | section=auth | details=username=Shankar
[2025-07-24 08:29:29] | user=unknown | action=failed_login | section=auth | details=username=Shankar
[2025-07-24 08:29:45] | user=unknown | action=failed_login | section=auth | details=username=Shankar
[2025-07-24 08:30:38] | user=unknown | action=failed_login | section=auth | details=username=admin
[2025-07-24 08:30:46] | user=unknown | action=failed_login | section=auth | details=username=admin
[2025-07-24 08:30:57] | user=unknown | action=failed_login | section=auth | details=username=Shankar
[2025-07-24 08:31:08] | user=unknown | action=failed_login | section=auth | details=username=Shankar
[2025-07-24 08:31:20] | user=unknown | action=failed_login | section=auth | details=username=shankar
[2025-07-24 08:31:54] | user=unknown | action=failed_login | section=auth | details=username=Shankar
[2025-07-24 08:35:01] | user=unknown | action=failed_login | section=auth | details=username=Shankar
[2025-07-24 08:35:14] | user=unknown | action=failed_login | section=auth | details=username=Shankar
[2025-07-24 08:35:28] | user=unknown | action=failed_login | section=auth | details=username=Shankar
[2025-07-24 08:35:47] | user=unknown | action=failed_login | section=auth | details=username=Shankar
[2025-07-24 08:35:59] | user=unknown | action=failed_login | section=auth | details=username=Shankar
[2025-07-24 08:37:04] | user=Shankar | action=login | section=auth | details=username=Shankar
[2025-07-24 08:40:54] | user=Shankar | action=login | section=auth | details=username=Shankar
[2025-07-25 23:10:06] | user=unknown | action=failed_login | section=auth | details=username=admin
[2025-07-25 23:10:38] | user=unknown | action=failed_login | section=auth | details=username=Shankar
[2025-07-25 23:13:37] | user=unknown | action=failed_login | section=auth | details=username=Shankar
[2025-07-25 23:13:54] | user=unknown | action=failed_login | section=auth | details=username=admin
[2025-07-25 23:14:13] | user=unknown | action=failed_login | section=auth | details=username=Shankar
[2025-07-25 23:14:53] | user=unknown | action=failed_login | section=auth | details=username=Shankar
[2025-07-27 03:04:19] | user=Shankar | action=login | section=auth | details=username=Shankar
[2025-07-27 03:14:50] | user=Shankar | action=update | section=system_settings | details=default_portfolio=main, allow_public_access=True, maintenance_mode=False, default_theme=Default Dark
[2025-07-27 04:03:13] | user=unknown | action=failed_login | section=auth | details=username=Shankar
[2025-07-27 04:03:30] | user=unknown | action=failed_login | section=auth | details=username=Shankar
[2025-07-27 04:07:03] | user=unknown | action=failed_login | section=auth | details=username=Shankar
[2025-07-27 04:07:15] | user=unknown | action=failed_login | section=auth | details=username=shankar
[2025-07-27 04:07:27] | user=unknown | action=failed_login | section=auth | details=username=Shankar
[2025-07-27 04:11:18] | user=unknown | action=failed_login | section=auth | details=username=shankar
[2025-07-27 04:11:31] | user=unknown | action=failed_login | section=auth | details=username=Shankar
[2025-07-27 04:11:54] | user=unknown | action=failed_login | section=auth | details=username=shankar
[2025-07-27 04:12:17] | user=unknown | action=failed_login | section=auth | details=username=shankar
[2025-07-27 04:14:33] | user=unknown | action=failed_login | section=auth | details=username=Shankar
[2025-07-27 04:18:18] | user=unknown | action=failed_login | section=auth | details=username=Shankar
[2025-07-27 04:19:19] | user=unknown | action=failed_login | section=auth | details=username=Shankar
[2025-07-27 04:19:27] | user=unknown | action=failed_login | section=auth | details=username=Shankar
[2025-07-27 04:22:16] | user=unknown | action=failed_login | section=auth | details=username=Shankar
[2025-07-27 04:22:26] | user=unknown | action=failed_login | section=auth | details=username=admin
[2025-07-27 04:22:39] | user=unknown | action=failed_login | section=auth | details=username=admin
[2025-07-27 04:23:02] | user=unknown | action=failed_login | section=auth | details=username=admin
[2025-07-27 04:23:28] | user=unknown | action=failed_login | section=auth | details=username=shankar
[2025-07-27 04:50:16] | user=admin | action=login | section=auth | details=username=admin
[2025-07-27 05:04:03] | user=admin | action=refresh_theme | section=settings | details=Theme refresh initiated from admin dashboard
[2025-07-27 06:27:37] | user=admin | action=login | section=auth | details=username=admin
[2025-07-27 06:48:47] | user=admin | action=login | section=auth | details=username=admin
[2025-07-27 07:04:12] | user=admin | action=login | section=auth | details=username=admin
[2025-07-27 08:11:19] | user=admin | action=login | section=auth | details=username=admin
[2025-07-28 18:05:07] | user=admin | action=login | section=auth | details=username=admin
[2025-08-14 12:12:58] | user=unknown | action=failed_login | section=auth | details=username=Shankar
[2025-08-14 12:13:12] | user=unknown | action=failed_login | section=auth | details=username=shankar
[2025-08-14 12:13:28] | user=unknown | action=failed_login | section=auth | details=username=shankar
[2025-08-14 12:13:40] | user=unknown | action=failed_login | section=auth | details=username=Shankar
[2025-08-14 12:13:58] | user=unknown | action=failed_login | section=auth | details=username=Shankar
[2025-08-14 12:14:07] | user=admin | action=login | section=auth | details=username=admin
[2025-10-20 16:35:45] | user=unknown | action=failed_login | section=auth | details=username=shankar
[2025-10-20 16:36:00] | user=unknown | action=failed_login | section=auth | details=username=Shankar
[2025-10-20 16:37:22] | user=unknown | action=failed_login | section=auth | details=username=Shankar
[2025-10-20 16:37:39] | user=unknown | action=failed_login | section=auth | details=username=Shankar
[2025-10-20 16:37:53] | user=unknown | action=failed_login | section=auth | details=username=Shankar
[2025-10-20 16:38:08] | user=unknown | action=failed_login | section=auth | details=username=Shankar
[2025-10-20 16:38:26] | user=unknown | action=failed_login | section=auth | details=username=Shankar
[2025-11-29 00:41:34] | user=unknown | action=failed_login | section=auth | details=username=Shankar
[2025-11-29 00:42:00] | user=unknown | action=failed_login | section=auth | details=username=Shankar
[2025-11-29 00:42:34] | user=unknown | action=failed_login | section=auth | details=username=Shankar
[2025-11-29 00:43:09] | user=unknown | action=failed_login | section=auth | details=username=Shankar
[2025-11-29 00:45:12] | user=unknown | action=failed_login | section=auth | details=username=Shankar
[2025-11-29 00:45:29] | user=admin | action=login | section=auth | details=username=admin
[2025-11-29 00:45:52] | user=admin | action=logout | section=auth | details=username=admin
[2025-11-29 00:46:00] | user=admin | action=login | section=auth | details=username=admin
[2025-11-29 00:46:34] | user=admin | action=logout | section=auth | details=username=admin
[2025-11-29 00:51:48] | user=admin | action=login | section=auth | details=username=admin
[2025-12-01 23:50:14] | user=unknown | action=failed_login | section=auth | details=username=admin
[2025-12-01 23:50:23] | user=unknown | action=failed_login | section=auth | details=username=Shankar
[2025-12-01 23:50:37] | user=unknown | action=failed_login | section=auth | details=username=admin
[2025-12-01 23:50:48] | user=unknown | action=failed_login | section=auth | details=username=Admin
[2025-12-01 23:52:39] | user=unknown | action=failed_login | section=auth | details=username=admin
[2025-12-01 23:52:53] | user=unknown | action=failed_login | section=auth | details=username=admin
[2025-12-01 23:55:50] | user=unknown | action=failed_login | section=auth | details=username=admin
[2025-12-01 23:55:51] | user=unknown | action=failed_login | section=auth | details=username=admin
[2025-12-01 23:55:51] | user=unknown | action=failed_login | section=auth | details=username=admin
[2025-12-01 23:55:51] | user=unknown | action=failed_login | section=auth | details=username=admin
[2025-12-02 00:02:34] | user=admin | action=login | section=auth | details=username=admin
[2025-12-02 00:18:27] | user=admin | action=login | section=auth | details=username=admin
[2025-12-02 09:54:29] | user=admin | action=login | section=auth | details=username=admin
[2025-12-03 00:03:42] | user=unknown | action=failed_login | section=auth | details=username=admin
[2025-12-03 00:03:54] | user=admin | action=login | section=auth | details=username=admin
[2025-12-03 22:07:12] | user=unknown | action=failed_login | section=auth | details=username=admin
[2025-12-03 22:07:21] | user=unknown | action=failed_login | section=auth | details=username=admin
[2025-12-03 22:07:32] | user=admin | action=login | section=auth | details=username=admin
[2025-12-04 09:25:51] | user=admin | action=login | section=auth | details=username=admin
[2025-12-29 22:29:13] | user=unknown | action=failed_login | section=auth | details=username=admin
[2025-12-29 22:29:22] | user=unknown | action=failed_login | section=auth | details=username=admin
[2025-12-29 22:36:54] | user=unknown | action=failed_login | section=auth | details=username=Shankar
[2025-12-29 22:37:01] | user=unknown | action=failed_login | section=auth | details=username=Shankar
[2025-12-29 22:37:09] | user=unknown | action=failed_login | section=auth | details=username=Shankar
[2025-12-29 22:37:27] | user=admin | action=login | section=auth | details=username=admin
[2025-12-30 23:51:12] | user=admin | action=login | section=auth | details=username=admin
[2025-12-30 23:51:42] | user=admin | action=logout | section=auth | details=username=admin
[2025-12-30 23:54:27] | user=unknown | action=failed_login | section=auth | details=username=admin
[2025-12-30 23:55:17] | user=unknown | action=failed_login | section=auth | details=username=admin
[2025-12-30 23:59:32] | user=unknown | action=failed_login | section=auth | details=username=admin
[2025-12-30 23:59:44] | user=unknown | action=failed_login | section=auth | details=username=admin
[2025-12-31 00:06:20] | user=admin | action=login | section=auth | details=username=admin
[2025-12-31 00:07:55] | user=admin | action=logout | section=auth | details=username=admin
[2025-12-31 00:09:07] | user=unknown | action=failed_login | section=auth | details=username=admin
[2025-12-31 00:09:20] | user=admin | action=login | section=auth | details=username=admin
[2025-12-31 00:09:44] | user=admin | action=update | section=system_settings | details=default_portfolio=main, allow_public_access=False, maintenance_mode=True, default_theme=Default Dark, section_alignment=center
[2025-12-31 00:10:17] | user=admin | action=update | section=system_settings | details=default_portfolio=socanalyst, allow_public_access=True, maintenance_mode=True, default_theme=Default Dark, section_alignment=center
[2025-12-31 00:10:48] | user=admin | action=update | section=system_settings | details=default_portfolio=socanalyst, allow_public_access=False, maintenance_mode=True, default_theme=Default Dark, section_alignment=center
[2025-12-31 00:10:57] | user=admin | action=logout | section=auth | details=username=admin
[2025-12-31 00:11:23] | user=admin | action=login | section=auth | details=username=admin
[2025-12-31 00:11:47] | user=admin | action=update | section=system_settings | details=default_portfolio=socanalyst, allow_public_access=True, maintenance_mode=False, default_theme=Default Dark, section_alignment=center
[2025-12-31 09:34:59] | user=admin | action=login | section=auth | details=username=admin
[2026-01-02 00:12:46] | user=admin | action=login | section=auth | details=username=admin
[2026-01-02 00:13:01] | user=admin | action=update | section=system_settings | details=default_portfolio=main, allow_public_access=True, maintenance_mode=False, default_theme=Default Dark, section_alignment=center
[2026-01-02 13:02:36] | user=admin | action=login | section=auth | details=username=admin
[2026-01-02 13:11:58] | user=admin | action=update | section=contact | details=email=drshankarmote@gmail.com
[2026-01-02 13:22:52] | user=admin | action=update | section=contact | details=email=drshankarmote@gmail.com
[2026-01-02 13:32:54] | user=admin | action=update | section=contact | details=email=drshankarmote@gmail.com
[2026-01-02 13:37:00] | user=admin | action=update | section=contact | details=email=drshankarmote@gmail.com
[2026-01-02 13:37:52] | user=admin | action=update | section=contact | details=email=drshankarmote@gmail.com
